<?xml version="1.0" encoding="UTF-8"?>
<testsuite xmlns:xsi="http://www.w3.org/2001/XMLSchema-instance" xsi:noNamespaceSchemaLocation="https://maven.apache.org/surefire/maven-surefire-plugin/xsd/surefire-test-report.xsd" version="3.0.2" name="com.recruitment.service.UserServiceTest" time="1.093" tests="6" errors="0" skipped="0" failures="0">
  <properties>
[...]
</properties>
  <testcase name="testSearchUsers" classname="com.recruitment.service.UserServiceTest" time="0.175"/>
  <testcase name="testFindByRole" classname="com.recruitment.service.UserServiceTest" time="0.111"/>
  <testcase name="testUpdateUser" classname="com.recruitment.service.UserServiceTest" time="0.056"/>
  <testcase name="testDeleteUser" classname="com.recruitment.service.UserServiceTest" time="0.168"/>
  <testcase name="testDuplicateRegistration" classname="com.recruitment.service.UserServiceTest" time="0.165"/>
  <testcase name="testRegisterAndAuthenticate" classname="com.recruitment.service.UserServiceTest" time="0.406"/>
</testsuite>