<?xml version="1.0" encoding="UTF-8"?>
<testsuite xmlns:xsi="http://www.w3.org/2001/XMLSchema-instance" xsi:noNamespaceSchemaLocation="https://maven.apache.org/surefire/maven-surefire-plugin/xsd/surefire-test-report.xsd" version="3.0.2" name="com.recruitment.model.ModelDefaultsTest" time="0.1" tests="4" errors="0" skipped="0" failures="0">
  <properties>
[...]
</properties>
  <testcase name="testApplicationDefaults" classname="com.recruitment.model.ModelDefaultsTest" time="0.005"/>
  <testcase name="testUserDefaults" classname="com.recruitment.model.ModelDefaultsTest" time="0.0"/>
  <testcase name="testNotificationDefaults" classname="com.recruitment.model.ModelDefaultsTest" time="0.004"/>
  <testcase name="testJobDefaults" classname="com.recruitment.model.ModelDefaultsTest" time="0.0"/>
</testsuite>